time="2022-06-12T15:30:22+08:00" level=info Agent=PostmanRuntime/7.29.0 DataSize=215 HostName=bogon Ip="::1" Method=GET Path="/api/v1/user/list?pageSize=1&pageNum=1" Runtime="3 ms" Status=200
time="2022-06-12T15:31:06+08:00" level=info Agent=PostmanRuntime/7.29.0 DataSize=47 HostName=bogon Ip="::1" Method=GET Path="/api/v1/category/list?pageSize=3&pageNum=4" Runtime="1 ms" Status=200
time="2022-06-12T15:31:13+08:00" level=info Agent=PostmanRuntime/7.29.0 DataSize=428 HostName=bogon Ip="::1" Method=GET Path="/api/v1/category/list?pageSize=3&pageNum=1" Runtime="2 ms" Status=200
time="2022-06-12T15:31:24+08:00" level=info Agent=PostmanRuntime/7.29.0 DataSize=1099 HostName=bogon Ip="::1" Method=GET Path="/api/v1/article/list?pageSize=3&pageNum=1" Runtime="2 ms" Status=200
time="2022-06-12T15:31:29+08:00" level=info Agent=PostmanRuntime/7.29.0 DataSize=752 HostName=bogon Ip="::1" Method=GET Path="/api/v1/article/list?pageSize=3&pageNum=2" Runtime="5 ms" Status=200
time="2022-06-12T15:31:35+08:00" level=info Agent=PostmanRuntime/7.29.0 DataSize=397 HostName=bogon Ip="::1" Method=GET Path="/api/v1/article/listByCategory/1?pageSize=2&pageNum=2&id=1" Runtime="3 ms" Status=200
time="2022-06-12T15:31:52+08:00" level=info Agent=PostmanRuntime/7.29.0 DataSize=748 HostName=bogon Ip="::1" Method=GET Path="/api/v1/article/listByCategory/1?pageSize=2&pageNum=1&id=1" Runtime="2 ms" Status=200
time="2022-06-12T15:31:56+08:00" level=info Agent=PostmanRuntime/7.29.0 DataSize=1099 HostName=bogon Ip="::1" Method=GET Path="/api/v1/article/listByCategory/1?pageSize=4&pageNum=1&id=1" Runtime="4 ms" Status=200
Runtime="2 ms" Status=200
time="2022-06-12 14:56:37" level=info Agent=PostmanRuntime/7.29.0 DataSize=197 HostName=bogon Ip="::1" Method=POST Path=/api/v1/user/add Runtime="2 ms" Status=200
time="2022-06-12 14:56:47" level=info Agent=PostmanRuntime/7.29.0 DataSize=61 HostName=bogon Ip="::1" Method=POST Path=/api/v1/user/add Runtime="1 ms" Status=200
time="2022-06-12 14:57:21" level=info Agent=PostmanRuntime/7.29.0 DataSize=197 HostName=bogon Ip="::1" Method=POST Path=/api/v1/user/add Runtime="3 ms" Status=200
time="2022-06-12 14:58:09" level=info Agent=PostmanRuntime/7.29.0 DataSize=61 HostName=bogon Ip="::1" Method=POST Path=/api/v1/user/add Runtime="2 ms" Status=200
time="2022-06-12 14:58:30" level=info Agent=PostmanRuntime/7.29.0 DataSize=203 HostName=bogon Ip="::1" Method=POST Path=/api/v1/user/add Runtime="57 ms" Status=200
time="2022-06-12 14:58:50" level=info Agent=PostmanRuntime/7.29.0 DataSize=205 HostName=bogon Ip="::1" Method=POST Path=/api/v1/user/add Runtime="52 ms" Status=200
time="2022-06-12 14:59:04" level=info Agent=PostmanRuntime/7.29.0 DataSize=74 HostName=bogon Ip="::1" Method=POST Path=/api/v1/user/add Runtime="1 ms" Status=200
time="2022-06-12 14:59:49" level=info Agent=PostmanRuntime/7.29.0 DataSize=74 HostName=bogon Ip="::1" Method=POST Path=/api/v1/user/add Runtime="2 ms" Status=200
time="2022-06-12 15:03:41" level=info Agent=PostmanRuntime/7.29.0 DataSize=72 HostName=bogon Ip="::1" Method=POST Path=/api/v1/user/add Runtime="2 ms" Status=200
time="2022-06-12 15:03:48" level=info Agent=PostmanRuntime/7.29.0 DataSize=72 HostName=bogon Ip="::1" Method=POST Path=/api/v1/user/add Runtime="1 ms" Status=200
time="2022-06-12 15:03:56" level=info Agent=PostmanRuntime/7.29.0 DataSize=63 HostName=bogon Ip="::1" Method=POST Path=/api/v1/user/add Runtime="1 ms" Status=200
time="2022-06-12 15:22:12" level=info Agent=PostmanRuntime/7.29.0 DataSize=215 HostName=bogon Ip="::1" Method=GET Path="/api/v1/user/list?pageSize=1&pageNum=-1" Runtime="4 ms" Status=200
time="2022-06-12 15:22:29" level=info Agent=PostmanRuntime/7.29.0 DataSize=217 HostName=bogon Ip="::1" Method=GET Path="/api/v1/user/list?pageSize=1&pageNum=2" Runtime="2 ms" Status=200
time="2022-06-12 15:23:22" level=info Agent=PostmanRuntime/7.29.0 DataSize=215 HostName=bogon Ip="::1" Method=GET Path="/api/v1/user/list?pageSize=1&pageNum=1" Runtime="4 ms" Status=200
time="2022-06-12 15:23:27" level=info Agent=PostmanRuntime/7.29.0 DataSize=386 HostName=bogon Ip="::1" Method=GET Path="/api/v1/user/list?pageSize=2&pageNum=1" Runtime="2 ms" Status=200
time="2022-06-12 15:23:31" level=info Agent=PostmanRuntime/7.29.0 DataSize=386 HostName=bogon Ip="::1" Method=GET Path="/api/v1/user/list?pageSize=3&pageNum=1" Runtime="2 ms" Status=200
time="2022-06-12 15:23:38" level=info Agent=PostmanRuntime/7.29.0 DataSize=47 HostName=bogon Ip="::1" Method=GET Path="/api/v1/user/list?pageSize=3&pageNum=10" Runtime="1 ms" Status=200
time="2022-06-12 15:26:43" level=info Agent=PostmanRuntime/7.29.0 DataSize=47 HostName=bogon Ip="::1" Method=GET Path="/api/v1/user/list?pageSize=3&pageNum=10" Runtime="2 ms" Status=200
time="2022-06-12 15:26:55" level=info Agent=PostmanRuntime/7.29.0 DataSize=386 HostName=bogon Ip="::1" Method=GET Path="/api/v1/user/list?pageSize=3&pageNum=1" Runtime="2 ms" Status=200
time="2022-06-12 15:27:01" level=info Agent=PostmanRuntime/7.29.0 DataSize=215 HostName=bogon Ip="::1" Method=GET Path="/api/v1/user/list?pageSize=1&pageNum=1" Runtime="2 ms" Status=200
time="2022-06-12 15:30:22" level=info Agent=PostmanRuntime/7.29.0 DataSize=215 HostName=bogon Ip="::1" Method=GET Path="/api/v1/user/list?pageSize=1&pageNum=1" Runtime="3 ms" Status=200
time="2022-06-12 15:31:06" level=info Agent=PostmanRuntime/7.29.0 DataSize=47 HostName=bogon Ip="::1" Method=GET Path="/api/v1/category/list?pageSize=3&pageNum=4" Runtime="1 ms" Status=200
time="2022-06-12 15:31:13" level=info Agent=PostmanRuntime/7.29.0 DataSize=428 HostName=bogon Ip="::1" Method=GET Path="/api/v1/category/list?pageSize=3&pageNum=1" Runtime="2 ms" Status=200
time="2022-06-12 15:31:24" level=info Agent=PostmanRuntime/7.29.0 DataSize=1099 HostName=bogon Ip="::1" Method=GET Path="/api/v1/article/list?pageSize=3&pageNum=1" Runtime="2 ms" Status=200
time="2022-06-12 15:31:29" level=info Agent=PostmanRuntime/7.29.0 DataSize=752 HostName=bogon Ip="::1" Method=GET Path="/api/v1/article/list?pageSize=3&pageNum=2" Runtime="5 ms" Status=200
time="2022-06-12 15:31:35" level=info Agent=PostmanRuntime/7.29.0 DataSize=397 HostName=bogon Ip="::1" Method=GET Path="/api/v1/article/listByCategory/1?pageSize=2&pageNum=2&id=1" Runtime="3 ms" Status=200
time="2022-06-12 15:31:52" level=info Agent=PostmanRuntime/7.29.0 DataSize=748 HostName=bogon Ip="::1" Method=GET Path="/api/v1/article/listByCategory/1?pageSize=2&pageNum=1&id=1" Runtime="2 ms" Status=200
time="2022-06-12 15:31:56" level=info Agent=PostmanRuntime/7.29.0 DataSize=1099 HostName=bogon Ip="::1" Method=GET Path="/api/v1/article/listByCategory/1?pageSize=4&pageNum=1&id=1" Runtime="4 ms" Status=200
